0 info it worked if it ends with ok
1 verbose cli [ '/usr/local/Cellar/node/7.2.1/bin/node',
1 verbose cli   '/usr/local/bin/npm',
1 verbose cli   'run',
1 verbose cli   'mongo' ]
2 info using npm@3.10.9
3 info using node@v7.2.1
4 verbose run-script [ 'premongo', 'mongo', 'postmongo' ]
5 info lifecycle Sigfig_FE_RPT@1.0.0~premongo: Sigfig_FE_RPT@1.0.0
6 silly lifecycle Sigfig_FE_RPT@1.0.0~premongo: no script for premongo, continuing
7 info lifecycle Sigfig_FE_RPT@1.0.0~mongo: Sigfig_FE_RPT@1.0.0
8 verbose lifecycle Sigfig_FE_RPT@1.0.0~mongo: unsafe-perm in lifecycle true
9 verbose lifecycle Sigfig_FE_RPT@1.0.0~mongo: PATH: /usr/local/lib/node_modules/npm/bin/node-gyp-bin:/Users/albertchang/Desktop/AngularJS-Company-Personel/node_modules/.bin:/usr/local/Cellar/node/7.2.1/bin:/usr/local/bin:/usr/bin:/bin:/usr/sbin:/sbin
10 verbose lifecycle Sigfig_FE_RPT@1.0.0~mongo: CWD: /Users/albertchang/Desktop/AngularJS-Company-Personel
11 silly lifecycle Sigfig_FE_RPT@1.0.0~mongo: Args: [ '-c', 'mongod --dbpath data/db' ]
12 silly lifecycle Sigfig_FE_RPT@1.0.0~mongo: Returned: code: 100  signal: null
13 info lifecycle Sigfig_FE_RPT@1.0.0~mongo: Failed to exec mongo script
14 verbose stack Error: Sigfig_FE_RPT@1.0.0 mongo: `mongod --dbpath data/db`
14 verbose stack Exit status 100
14 verbose stack     at EventEmitter.<anonymous> (/usr/local/lib/node_modules/npm/lib/utils/lifecycle.js:255:16)
14 verbose stack     at emitTwo (events.js:106:13)
14 verbose stack     at EventEmitter.emit (events.js:191:7)
14 verbose stack     at ChildProcess.<anonymous> (/usr/local/lib/node_modules/npm/lib/utils/spawn.js:40:14)
14 verbose stack     at emitTwo (events.js:106:13)
14 verbose stack     at ChildProcess.emit (events.js:191:7)
14 verbose stack     at maybeClose (internal/child_process.js:885:16)
14 verbose stack     at Process.ChildProcess._handle.onexit (internal/child_process.js:226:5)
15 verbose pkgid Sigfig_FE_RPT@1.0.0
16 verbose cwd /Users/albertchang/Desktop/AngularJS-Company-Personel
17 error Darwin 16.6.0
18 error argv "/usr/local/Cellar/node/7.2.1/bin/node" "/usr/local/bin/npm" "run" "mongo"
19 error node v7.2.1
20 error npm  v3.10.9
21 error code ELIFECYCLE
22 error Sigfig_FE_RPT@1.0.0 mongo: `mongod --dbpath data/db`
22 error Exit status 100
23 error Failed at the Sigfig_FE_RPT@1.0.0 mongo script 'mongod --dbpath data/db'.
23 error Make sure you have the latest version of node.js and npm installed.
23 error If you do, this is most likely a problem with the Sigfig_FE_RPT package,
23 error not with npm itself.
23 error Tell the author that this fails on your system:
23 error     mongod --dbpath data/db
23 error You can get information on how to open an issue for this project with:
23 error     npm bugs Sigfig_FE_RPT
23 error Or if that isn't available, you can get their info via:
23 error     npm owner ls Sigfig_FE_RPT
23 error There is likely additional logging output above.
24 verbose exit [ 1, true ]
